  apch.cpp
  Application.cpp
  Layer.cpp
  LayerStack.cpp
  Log.cpp
  ImGuiBuild.cpp
D:\dev\Arc\Arc\src\Arc\Core\Timestep.h(17,49): warning C4244: 'return': conversion from 'double' to 'float', possible loss of data (compiling source file src\Arc\Core\Layer.cpp)
  ImGuiLayer.cpp
  Buffer.cpp
  GraphicsContext.cpp
  OrthographicCamera.cpp
  OrthographicCameraController.cpp
  RenderCommand.cpp
  Renderer.cpp
  Renderer2D.cpp
  RendererAPI.cpp
  Shader.cpp
D:\dev\Arc\Arc\src\Arc\Core\Timestep.h(17,49): warning C4244: 'return': conversion from 'double' to 'float', possible loss of data (compiling source file src\Arc\Core\Application.cpp)
  Texture.cpp
  VertexArray.cpp
  OpenGLBuffer.cpp
  OpenGLContext.cpp
D:\dev\Arc\Arc\src\Arc\Core\Timestep.h(17,49): warning C4244: 'return': conversion from 'double' to 'float', possible loss of data (compiling source file src\Arc\Core\LayerStack.cpp)
  OpenGLRendererAPI.cpp
  OpenGLShader.cpp
  OpenGLTexture.cpp
  OpenGLVertexArray.cpp
  WindowsInput.cpp
D:\dev\Arc\Arc\src\Arc\Core\Timestep.h(17,49): warning C4244: 'return': conversion from 'double' to 'float', possible loss of data (compiling source file src\Arc\ImGui\ImGuiLayer.cpp)
  WindowsWindow.cpp
D:\dev\Arc\Arc\src\Arc\Core\Timestep.h(17,49): warning C4244: 'return': conversion from 'double' to 'float', possible loss of data (compiling source file src\Platform\WIndows\WindowsInput.cpp)
  stb_image.cpp
D:\dev\Arc\Arc\src\Platform\OpenGL\OpenGLVertexArray.cpp(65,32): warning C4312: 'type cast': conversion from 'const uint32_t' to 'const void *' of greater size
D:\dev\Arc\Arc\src\Arc\Core\Timestep.h(17,49): warning C4244: 'return': conversion from 'double' to 'float', possible loss of data (compiling source file src\Arc\Renderer\OrthographicCameraController.cpp)
  Arc.vcxproj -> D:\dev\Arc\bin\Debug-windows-x86_64\Arc\Arc.lib
